1492171988407	geckodriver	INFO	Listening on 127.0.0.1:52393
1492171989636	mozprofile::profile	INFO	Using profile path /var/folders/21/0ydldlpn4zsc8j7h0d26xs9c0000gn/T/rust_mozprofile.su7uoR3ZQKrA
1492171989639	geckodriver::marionette	INFO	Starting browser /Applications/Firefox.app/Contents/MacOS/firefox-bin with args []
1492171989657	geckodriver::marionette	INFO	Connecting to Marionette on localhost:52402
1492171991588	Marionette	INFO	Listening on port 52402
1492171991852	Marionette	WARN	TLS certificate errors will be ignored for this session
2017-04-14 14:13:13.537 plugin-container[60065:2330534] *** CFMessagePort: bootstrap_register(): failed 1100 (0x44c) 'Permission denied', port = 0x953b, name = 'com.apple.tsm.portname'
See /usr/include/servers/bootstrap_defs.h for the error codes.
2017-04-14 14:13:13.541 plugin-container[60065:2330534] *** CFMessagePort: bootstrap_register(): failed 1100 (0x44c) 'Permission denied', port = 0x9903, name = 'com.apple.CFPasteboardClient'
See /usr/include/servers/bootstrap_defs.h for the error codes.
2017-04-14 14:15:15.062 plugin-container[60095:2332658] *** CFMessagePort: bootstrap_register(): failed 1100 (0x44c) 'Permission denied', port = 0x953b, name = 'com.apple.tsm.portname'
See /usr/include/servers/bootstrap_defs.h for the error codes.
2017-04-14 14:15:15.067 plugin-container[60095:2332658] *** CFMessagePort: bootstrap_register(): failed 1100 (0x44c) 'Permission denied', port = 0x9903, name = 'com.apple.CFPasteboardClient'
See /usr/include/servers/bootstrap_defs.h for the error codes.
2017-04-14 14:15:28.462 plugin-container[60099:2333036] *** CFMessagePort: bootstrap_register(): failed 1100 (0x44c) 'Permission denied', port = 0x953b, name = 'com.apple.tsm.portname'
See /usr/include/servers/bootstrap_defs.h for the error codes.
2017-04-14 14:15:28.466 plugin-container[60099:2333036] *** CFMessagePort: bootstrap_register(): failed 1100 (0x44c) 'Permission denied', port = 0x9903, name = 'com.apple.CFPasteboardClient'
See /usr/include/servers/bootstrap_defs.h for the error codes.
2017-04-14 14:16:22.448 plugin-container[60113:2334285] *** CFMessagePort: bootstrap_register(): failed 1100 (0x44c) 'Permission denied', port = 0x953b, name = 'com.apple.tsm.portname'
See /usr/include/servers/bootstrap_defs.h for the error codes.
2017-04-14 14:16:22.452 plugin-container[60113:2334285] *** CFMessagePort: bootstrap_register(): failed 1100 (0x44c) 'Permission denied', port = 0x9803, name = 'com.apple.CFPasteboardClient'
See /usr/include/servers/bootstrap_defs.h for the error codes.
1492172193455	geckodriver	INFO	Listening on 127.0.0.1:52951
1492172194458	mozprofile::profile	INFO	Using profile path /var/folders/21/0ydldlpn4zsc8j7h0d26xs9c0000gn/T/rust_mozprofile.rNcs6D2L5CK0
1492172194460	geckodriver::marionette	INFO	Starting browser /Applications/Firefox.app/Contents/MacOS/firefox-bin with args []
1492172194463	geckodriver::marionette	INFO	Connecting to Marionette on localhost:52961
1492172195344	Marionette	INFO	Listening on port 52961
1492172195823	Marionette	WARN	TLS certificate errors will be ignored for this session
2017-04-14 14:16:37.585 plugin-container[60122:2334905] *** CFMessagePort: bootstrap_register(): failed 1100 (0x44c) 'Permission denied', port = 0x953b, name = 'com.apple.tsm.portname'
See /usr/include/servers/bootstrap_defs.h for the error codes.
2017-04-14 14:16:37.589 plugin-container[60122:2334905] *** CFMessagePort: bootstrap_register(): failed 1100 (0x44c) 'Permission denied', port = 0x9903, name = 'com.apple.CFPasteboardClient'
See /usr/include/servers/bootstrap_defs.h for the error codes.
1492172385035	geckodriver	INFO	Listening on 127.0.0.1:53331
1492172386053	mozprofile::profile	INFO	Using profile path /var/folders/21/0ydldlpn4zsc8j7h0d26xs9c0000gn/T/rust_mozprofile.eXMylRuboR8V
1492172386056	geckodriver::marionette	INFO	Starting browser /Applications/Firefox.app/Contents/MacOS/firefox-bin with args []
1492172386060	geckodriver::marionette	INFO	Connecting to Marionette on localhost:53341
1492172386981	Marionette	INFO	Listening on port 53341
1492172387351	Marionette	WARN	TLS certificate errors will be ignored for this session
2017-04-14 14:19:49.053 plugin-container[60163:2337297] *** CFMessagePort: bootstrap_register(): failed 1100 (0x44c) 'Permission denied', port = 0x953b, name = 'com.apple.tsm.portname'
See /usr/include/servers/bootstrap_defs.h for the error codes.
2017-04-14 14:19:49.057 plugin-container[60163:2337297] *** CFMessagePort: bootstrap_register(): failed 1100 (0x44c) 'Permission denied', port = 0x9803, name = 'com.apple.CFPasteboardClient'
See /usr/include/servers/bootstrap_defs.h for the error codes.
1492172481106	geckodriver	INFO	Listening on 127.0.0.1:53543
1492172482123	mozprofile::profile	INFO	Using profile path /var/folders/21/0ydldlpn4zsc8j7h0d26xs9c0000gn/T/rust_mozprofile.XVGnmDRqsGup
1492172482126	geckodriver::marionette	INFO	Starting browser /Applications/Firefox.app/Contents/MacOS/firefox-bin with args []
1492172482130	geckodriver::marionette	INFO	Connecting to Marionette on localhost:53552
1492172483059	Marionette	INFO	Listening on port 53552
1492172483417	Marionette	WARN	TLS certificate errors will be ignored for this session
2017-04-14 14:21:25.167 plugin-container[60188:2338520] *** CFMessagePort: bootstrap_register(): failed 1100 (0x44c) 'Permission denied', port = 0x953b, name = 'com.apple.tsm.portname'
See /usr/include/servers/bootstrap_defs.h for the error codes.
2017-04-14 14:21:25.171 plugin-container[60188:2338520] *** CFMessagePort: bootstrap_register(): failed 1100 (0x44c) 'Permission denied', port = 0x9903, name = 'com.apple.CFPasteboardClient'
See /usr/include/servers/bootstrap_defs.h for the error codes.
*************************
A coding exception was thrown and uncaught in a Task.

Full message: TypeError: NetworkError when attempting to fetch resource.
Full stack: 
*************************
*************************
A coding exception was thrown and uncaught in a Task.

Full message: TypeError: NetworkError when attempting to fetch resource.
Full stack: 
*************************
*************************
A coding exception was thrown and uncaught in a Task.

Full message: TypeError: NetworkError when attempting to fetch resource.
Full stack: 
*************************
*************************
A coding exception was thrown and uncaught in a Task.

Full message: TypeError: NetworkError when attempting to fetch resource.
Full stack: 
*************************
2017-04-14 14:38:55.513 plugin-container[60369:2349196] *** CFMessagePort: bootstrap_register(): failed 1100 (0x44c) 'Permission denied', port = 0x953b, name = 'com.apple.tsm.portname'
See /usr/include/servers/bootstrap_defs.h for the error codes.
2017-04-14 14:38:55.517 plugin-container[60369:2349196] *** CFMessagePort: bootstrap_register(): failed 1100 (0x44c) 'Permission denied', port = 0x9903, name = 'com.apple.CFPasteboardClient'
See /usr/include/servers/bootstrap_defs.h for the error codes.
[Child 60188] ###!!! ABORT: Aborting on channel error.: file /builds/slave/m-rel-m64-00000000000000000000/build/src/ipc/glue/MessageChannel.cpp, line 2143
[Child 60188] ###!!! ABORT: Aborting on channel error.: file /builds/slave/m-rel-m64-00000000000000000000/build/src/ipc/glue/MessageChannel.cpp, line 2143
[GFX1-]: Receive IPC close with reason=AbnormalShutdown
[Child 60122] ###!!! ABORT: Aborting on channel error.: file /builds/slave/m-rel-m64-00000000000000000000/build/src/ipc/glue/MessageChannel.cpp, line 2143
[Child 60122] ###!!! ABORT: Aborting on channel error.: file /builds/slave/m-rel-m64-00000000000000000000/build/src/ipc/glue/MessageChannel.cpp, line 2143
[GFX1-]: Receive IPC close with reason=AbnormalShutdown
[Child 60163] WARNING: pipe error: Broken pipe: file /builds/slave/m-rel-m64-00000000000000000000/build/src/ipc/chromium/src/chrome/common/ipc_channel_posix.cc, line 685
[Child 60163] WARNING: pipe error: Broken pipe: file /builds/slave/m-rel-m64-00000000000000000000/build/src/ipc/chromium/src/chrome/common/ipc_channel_posix.cc, line 685
[Child 60163] ###!!! ABORT: Aborting on channel error.: file /builds/slave/m-rel-m64-00000000000000000000/build/src/ipc/glue/MessageChannel.cpp, line 2143
[Child 60163] ###!!! ABORT: Aborting on channel error.: file /builds/slave/m-rel-m64-00000000000000000000/build/src/ipc/glue/MessageChannel.cpp, line 2143
